<?xml version="1.0" encoding="UTF-8"?>
<testsuite xmlns:xsi="http://www.w3.org/2001/XMLSchema-instance" xsi:noNamespaceSchemaLocation="https://maven.apache.org/surefire/maven-surefire-plugin/xsd/surefire-test-report.xsd" name="com.example.AppTest" time="0.155" tests="1" errors="0" skipped="0" failures="0">
  <properties>
    <property name="awt.toolkit" value="sun.awt.X11.XToolkit"/>
    <property name="java.specification.version" value="11"/>
    <property name="sun.cpu.isalist" value=""/>
    <property name="sun.jnu.encoding" value="UTF-8"/>
    <property name="java.class.path" value="/home/zippaper/Kafka/test/java/flinktutorial/target/test-classes:/home/zippaper/Kafka/test/java/flinktutorial/target/classes:/home/zippaper/.m2/repository/junit/junit/4.11/junit-4.11.jar:/home/zippaper/.m2/repository/org/hamcrest/hamcrest-core/1.3/hamcrest-core-1.3.jar:/home/zippaper/.m2/repository/org/apache/flink/flink-streaming-java/1.17.1/flink-streaming-java-1.17.1.jar:/home/zippaper/.m2/repository/org/apache/flink/flink-core/1.17.1/flink-core-1.17.1.jar:/home/zippaper/.m2/repository/org/apache/flink/flink-annotations/1.17.1/flink-annotations-1.17.1.jar:/home/zippaper/.m2/repository/org/apache/flink/flink-metrics-core/1.17.1/flink-metrics-core-1.17.1.jar:/home/zippaper/.m2/repository/org/apache/flink/flink-shaded-asm-9/9.3-16.1/flink-shaded-asm-9-9.3-16.1.jar:/home/zippaper/.m2/repository/org/apache/flink/flink-shaded-jackson/2.13.4-16.1/flink-shaded-jackson-2.13.4-16.1.jar:/home/zippaper/.m2/repository/org/apache/commons/commons-lang3/3.12.0/commons-lang3-3.12.0.jar:/home/zippaper/.m2/repository/org/apache/commons/commons-text/1.10.0/commons-text-1.10.0.jar:/home/zippaper/.m2/repository/com/esotericsoftware/kryo/kryo/2.24.0/kryo-2.24.0.jar:/home/zippaper/.m2/repository/com/esotericsoftware/minlog/minlog/1.2/minlog-1.2.jar:/home/zippaper/.m2/repository/org/objenesis/objenesis/2.1/objenesis-2.1.jar:/home/zippaper/.m2/repository/commons-collections/commons-collections/3.2.2/commons-collections-3.2.2.jar:/home/zippaper/.m2/repository/org/apache/commons/commons-compress/1.21/commons-compress-1.21.jar:/home/zippaper/.m2/repository/org/apache/flink/flink-file-sink-common/1.17.1/flink-file-sink-common-1.17.1.jar:/home/zippaper/.m2/repository/org/apache/flink/flink-runtime/1.17.1/flink-runtime-1.17.1.jar:/home/zippaper/.m2/repository/org/apache/flink/flink-rpc-core/1.17.1/flink-rpc-core-1.17.1.jar:/home/zippaper/.m2/repository/org/apache/flink/flink-rpc-akka-loader/1.17.1/flink-rpc-akka-loader-1.17.1.jar:/home/zippaper/.m2/repository/org/apache/flink/flink-queryable-state-client-java/1.17.1/flink-queryable-state-client-java-1.17.1.jar:/home/zippaper/.m2/repository/org/apache/flink/flink-hadoop-fs/1.17.1/flink-hadoop-fs-1.17.1.jar:/home/zippaper/.m2/repository/commons-io/commons-io/2.11.0/commons-io-2.11.0.jar:/home/zippaper/.m2/repository/org/apache/flink/flink-shaded-netty/4.1.82.Final-16.1/flink-shaded-netty-4.1.82.Final-16.1.jar:/home/zippaper/.m2/repository/org/apache/flink/flink-shaded-zookeeper-3/3.7.1-16.1/flink-shaded-zookeeper-3-3.7.1-16.1.jar:/home/zippaper/.m2/repository/org/javassist/javassist/3.24.0-GA/javassist-3.24.0-GA.jar:/home/zippaper/.m2/repository/org/xerial/snappy/snappy-java/1.1.8.3/snappy-java-1.1.8.3.jar:/home/zippaper/.m2/repository/org/lz4/lz4-java/1.8.0/lz4-java-1.8.0.jar:/home/zippaper/.m2/repository/org/apache/flink/flink-shaded-force-shading/16.1/flink-shaded-force-shading-16.1.jar:/home/zippaper/.m2/repository/org/apache/flink/flink-java/1.17.1/flink-java-1.17.1.jar:/home/zippaper/.m2/repository/com/twitter/chill-java/0.7.6/chill-java-0.7.6.jar:/home/zippaper/.m2/repository/org/apache/flink/flink-shaded-guava/30.1.1-jre-16.1/flink-shaded-guava-30.1.1-jre-16.1.jar:/home/zippaper/.m2/repository/org/apache/commons/commons-math3/3.6.1/commons-math3-3.6.1.jar:/home/zippaper/.m2/repository/org/slf4j/slf4j-api/1.7.36/slf4j-api-1.7.36.jar:/home/zippaper/.m2/repository/com/google/code/findbugs/jsr305/1.3.9/jsr305-1.3.9.jar:/home/zippaper/.m2/repository/org/apache/flink/flink-clients/1.17.1/flink-clients-1.17.1.jar:/home/zippaper/.m2/repository/org/apache/flink/flink-optimizer/1.17.1/flink-optimizer-1.17.1.jar:/home/zippaper/.m2/repository/commons-cli/commons-cli/1.5.0/commons-cli-1.5.0.jar:"/>
    <property name="java.vm.vendor" value="Ubuntu"/>
    <property name="sun.arch.data.model" value="64"/>
    <property name="java.vendor.url" value="https://ubuntu.com/"/>
    <property name="user.timezone" value=""/>
    <property name="java.vm.specification.version" value="11"/>
    <property name="os.name" value="Linux"/>
    <property name="sun.java.launcher" value="SUN_STANDARD"/>
    <property name="sun.boot.library.path" value="/usr/lib/jvm/java-11-openjdk-amd64/lib"/>
    <property name="sun.java.command" value="/home/zippaper/Kafka/test/java/flinktutorial/target/surefire/surefirebooter2844104872791398393.jar /home/zippaper/Kafka/test/java/flinktutorial/target/surefire 2023-10-12T23-54-25_826-jvmRun1 surefire11078919402132442249tmp surefire_07002471197916796527tmp"/>
    <property name="jdk.debug" value="release"/>
    <property name="surefire.test.class.path" value="/home/zippaper/Kafka/test/java/flinktutorial/target/test-classes:/home/zippaper/Kafka/test/java/flinktutorial/target/classes:/home/zippaper/.m2/repository/junit/junit/4.11/junit-4.11.jar:/home/zippaper/.m2/repository/org/hamcrest/hamcrest-core/1.3/hamcrest-core-1.3.jar:/home/zippaper/.m2/repository/org/apache/flink/flink-streaming-java/1.17.1/flink-streaming-java-1.17.1.jar:/home/zippaper/.m2/repository/org/apache/flink/flink-core/1.17.1/flink-core-1.17.1.jar:/home/zippaper/.m2/repository/org/apache/flink/flink-annotations/1.17.1/flink-annotations-1.17.1.jar:/home/zippaper/.m2/repository/org/apache/flink/flink-metrics-core/1.17.1/flink-metrics-core-1.17.1.jar:/home/zippaper/.m2/repository/org/apache/flink/flink-shaded-asm-9/9.3-16.1/flink-shaded-asm-9-9.3-16.1.jar:/home/zippaper/.m2/repository/org/apache/flink/flink-shaded-jackson/2.13.4-16.1/flink-shaded-jackson-2.13.4-16.1.jar:/home/zippaper/.m2/repository/org/apache/commons/commons-lang3/3.12.0/commons-lang3-3.12.0.jar:/home/zippaper/.m2/repository/org/apache/commons/commons-text/1.10.0/commons-text-1.10.0.jar:/home/zippaper/.m2/repository/com/esotericsoftware/kryo/kryo/2.24.0/kryo-2.24.0.jar:/home/zippaper/.m2/repository/com/esotericsoftware/minlog/minlog/1.2/minlog-1.2.jar:/home/zippaper/.m2/repository/org/objenesis/objenesis/2.1/objenesis-2.1.jar:/home/zippaper/.m2/repository/commons-collections/commons-collections/3.2.2/commons-collections-3.2.2.jar:/home/zippaper/.m2/repository/org/apache/commons/commons-compress/1.21/commons-compress-1.21.jar:/home/zippaper/.m2/repository/org/apache/flink/flink-file-sink-common/1.17.1/flink-file-sink-common-1.17.1.jar:/home/zippaper/.m2/repository/org/apache/flink/flink-runtime/1.17.1/flink-runtime-1.17.1.jar:/home/zippaper/.m2/repository/org/apache/flink/flink-rpc-core/1.17.1/flink-rpc-core-1.17.1.jar:/home/zippaper/.m2/repository/org/apache/flink/flink-rpc-akka-loader/1.17.1/flink-rpc-akka-loader-1.17.1.jar:/home/zippaper/.m2/repository/org/apache/flink/flink-queryable-state-client-java/1.17.1/flink-queryable-state-client-java-1.17.1.jar:/home/zippaper/.m2/repository/org/apache/flink/flink-hadoop-fs/1.17.1/flink-hadoop-fs-1.17.1.jar:/home/zippaper/.m2/repository/commons-io/commons-io/2.11.0/commons-io-2.11.0.jar:/home/zippaper/.m2/repository/org/apache/flink/flink-shaded-netty/4.1.82.Final-16.1/flink-shaded-netty-4.1.82.Final-16.1.jar:/home/zippaper/.m2/repository/org/apache/flink/flink-shaded-zookeeper-3/3.7.1-16.1/flink-shaded-zookeeper-3-3.7.1-16.1.jar:/home/zippaper/.m2/repository/org/javassist/javassist/3.24.0-GA/javassist-3.24.0-GA.jar:/home/zippaper/.m2/repository/org/xerial/snappy/snappy-java/1.1.8.3/snappy-java-1.1.8.3.jar:/home/zippaper/.m2/repository/org/lz4/lz4-java/1.8.0/lz4-java-1.8.0.jar:/home/zippaper/.m2/repository/org/apache/flink/flink-shaded-force-shading/16.1/flink-shaded-force-shading-16.1.jar:/home/zippaper/.m2/repository/org/apache/flink/flink-java/1.17.1/flink-java-1.17.1.jar:/home/zippaper/.m2/repository/com/twitter/chill-java/0.7.6/chill-java-0.7.6.jar:/home/zippaper/.m2/repository/org/apache/flink/flink-shaded-guava/30.1.1-jre-16.1/flink-shaded-guava-30.1.1-jre-16.1.jar:/home/zippaper/.m2/repository/org/apache/commons/commons-math3/3.6.1/commons-math3-3.6.1.jar:/home/zippaper/.m2/repository/org/slf4j/slf4j-api/1.7.36/slf4j-api-1.7.36.jar:/home/zippaper/.m2/repository/com/google/code/findbugs/jsr305/1.3.9/jsr305-1.3.9.jar:/home/zippaper/.m2/repository/org/apache/flink/flink-clients/1.17.1/flink-clients-1.17.1.jar:/home/zippaper/.m2/repository/org/apache/flink/flink-optimizer/1.17.1/flink-optimizer-1.17.1.jar:/home/zippaper/.m2/repository/commons-cli/commons-cli/1.5.0/commons-cli-1.5.0.jar:"/>
    <property name="sun.cpu.endian" value="little"/>
    <property name="user.home" value="/home/zippaper"/>
    <property name="user.language" value="en"/>
    <property name="java.specification.vendor" value="Oracle Corporation"/>
    <property name="java.version.date" value="2023-08-24"/>
    <property name="java.home" value="/usr/lib/jvm/java-11-openjdk-amd64"/>
    <property name="file.separator" value="/"/>
    <property name="basedir" value="/home/zippaper/Kafka/test/java/flinktutorial"/>
    <property name="java.vm.compressedOopsMode" value="32-bit"/>
    <property name="line.separator" value="&#10;"/>
    <property name="java.specification.name" value="Java Platform API Specification"/>
    <property name="java.vm.specification.vendor" value="Oracle Corporation"/>
    <property name="java.awt.graphicsenv" value="sun.awt.X11GraphicsEnvironment"/>
    <property name="surefire.real.class.path" value="/home/zippaper/Kafka/test/java/flinktutorial/target/surefire/surefirebooter2844104872791398393.jar"/>
    <property name="sun.management.compiler" value="HotSpot 64-Bit Tiered Compilers"/>
    <property name="java.runtime.version" value="11.0.20.1+1-post-Ubuntu-0ubuntu122.04"/>
    <property name="user.name" value="zippaper"/>
    <property name="path.separator" value=":"/>
    <property name="os.version" value="5.19.0-1030-gcp"/>
    <property name="java.runtime.name" value="OpenJDK Runtime Environment"/>
    <property name="file.encoding" value="UTF-8"/>
    <property name="java.vm.name" value="OpenJDK 64-Bit Server VM"/>
    <property name="localRepository" value="/home/zippaper/.m2/repository"/>
    <property name="java.vendor.url.bug" value="https://bugs.launchpad.net/ubuntu/+source/openjdk-lts"/>
    <property name="java.io.tmpdir" value="/tmp"/>
    <property name="java.version" value="11.0.20.1"/>
    <property name="user.dir" value="/home/zippaper/Kafka/test/java/flinktutorial"/>
    <property name="os.arch" value="amd64"/>
    <property name="java.vm.specification.name" value="Java Virtual Machine Specification"/>
    <property name="java.awt.printerjob" value="sun.print.PSPrinterJob"/>
    <property name="sun.os.patch.level" value="unknown"/>
    <property name="java.library.path" value="/usr/java/packages/lib:/usr/lib/x86_64-linux-gnu/jni:/lib/x86_64-linux-gnu:/usr/lib/x86_64-linux-gnu:/usr/lib/jni:/lib:/usr/lib"/>
    <property name="java.vm.info" value="mixed mode, sharing"/>
    <property name="java.vendor" value="Ubuntu"/>
    <property name="java.vm.version" value="11.0.20.1+1-post-Ubuntu-0ubuntu122.04"/>
    <property name="java.specification.maintenance.version" value="2"/>
    <property name="sun.io.unicode.encoding" value="UnicodeLittle"/>
    <property name="java.class.version" value="55.0"/>
  </properties>
  <testcase name="shouldAnswerWithTrue" classname="com.example.AppTest" time="0.006"/>
</testsuite>