<?xml version="1.0" encoding="UTF-8"?>
<testsuite xmlns:xsi="http://www.w3.org/2001/XMLSchema-instance" xsi:noNamespaceSchemaLocation="https://maven.apache.org/surefire/maven-surefire-plugin/xsd/surefire-test-report.xsd" name="com.example.AppTest" time="0.078" tests="1" errors="0" skipped="0" failures="0">
  <properties>
    <property name="awt.toolkit" value="sun.awt.X11.XToolkit"/>
    <property name="java.specification.version" value="11"/>
    <property name="sun.cpu.isalist" value=""/>
    <property name="sun.jnu.encoding" value="UTF-8"/>
    <property name="java.class.path" value="/home/zippaper/Kafka/test/java/kafka/target/test-classes:/home/zippaper/Kafka/test/java/kafka/target/classes:/home/zippaper/.m2/repository/junit/junit/4.12/junit-4.12.jar:/home/zippaper/.m2/repository/org/hamcrest/hamcrest-core/1.3/hamcrest-core-1.3.jar:/home/zippaper/.m2/repository/org/slf4j/slf4j-log4j12/1.7.25/slf4j-log4j12-1.7.25.jar:/home/zippaper/.m2/repository/org/slf4j/slf4j-api/1.7.25/slf4j-api-1.7.25.jar:/home/zippaper/.m2/repository/log4j/log4j/1.2.17/log4j-1.2.17.jar:/home/zippaper/.m2/repository/org/apache/flink/flink-java/1.9.3/flink-java-1.9.3.jar:/home/zippaper/.m2/repository/org/apache/flink/flink-core/1.9.3/flink-core-1.9.3.jar:/home/zippaper/.m2/repository/org/apache/flink/flink-annotations/1.9.3/flink-annotations-1.9.3.jar:/home/zippaper/.m2/repository/org/apache/flink/flink-metrics-core/1.9.3/flink-metrics-core-1.9.3.jar:/home/zippaper/.m2/repository/com/esotericsoftware/kryo/kryo/2.24.0/kryo-2.24.0.jar:/home/zippaper/.m2/repository/com/esotericsoftware/minlog/minlog/1.2/minlog-1.2.jar:/home/zippaper/.m2/repository/org/objenesis/objenesis/2.1/objenesis-2.1.jar:/home/zippaper/.m2/repository/commons-collections/commons-collections/3.2.2/commons-collections-3.2.2.jar:/home/zippaper/.m2/repository/org/apache/commons/commons-compress/1.18/commons-compress-1.18.jar:/home/zippaper/.m2/repository/org/apache/flink/flink-shaded-asm-6/6.2.1-7.0/flink-shaded-asm-6-6.2.1-7.0.jar:/home/zippaper/.m2/repository/org/apache/commons/commons-lang3/3.3.2/commons-lang3-3.3.2.jar:/home/zippaper/.m2/repository/org/apache/commons/commons-math3/3.5/commons-math3-3.5.jar:/home/zippaper/.m2/repository/com/google/code/findbugs/jsr305/1.3.9/jsr305-1.3.9.jar:/home/zippaper/.m2/repository/org/apache/flink/force-shading/1.9.3/force-shading-1.9.3.jar:/home/zippaper/.m2/repository/org/apache/flink/flink-streaming-java_2.11/1.9.3/flink-streaming-java_2.11-1.9.3.jar:/home/zippaper/.m2/repository/org/apache/flink/flink-runtime_2.11/1.9.3/flink-runtime_2.11-1.9.3.jar:/home/zippaper/.m2/repository/org/apache/flink/flink-queryable-state-client-java/1.9.3/flink-queryable-state-client-java-1.9.3.jar:/home/zippaper/.m2/repository/org/apache/flink/flink-hadoop-fs/1.9.3/flink-hadoop-fs-1.9.3.jar:/home/zippaper/.m2/repository/commons-io/commons-io/2.4/commons-io-2.4.jar:/home/zippaper/.m2/repository/org/apache/flink/flink-shaded-netty/4.1.32.Final-7.0/flink-shaded-netty-4.1.32.Final-7.0.jar:/home/zippaper/.m2/repository/org/apache/flink/flink-shaded-jackson/2.10.1-9.0/flink-shaded-jackson-2.10.1-9.0.jar:/home/zippaper/.m2/repository/org/javassist/javassist/3.19.0-GA/javassist-3.19.0-GA.jar:/home/zippaper/.m2/repository/org/scala-lang/scala-library/2.11.12/scala-library-2.11.12.jar:/home/zippaper/.m2/repository/com/typesafe/akka/akka-actor_2.11/2.5.21/akka-actor_2.11-2.5.21.jar:/home/zippaper/.m2/repository/com/typesafe/config/1.3.3/config-1.3.3.jar:/home/zippaper/.m2/repository/org/scala-lang/modules/scala-java8-compat_2.11/0.7.0/scala-java8-compat_2.11-0.7.0.jar:/home/zippaper/.m2/repository/com/typesafe/akka/akka-stream_2.11/2.5.21/akka-stream_2.11-2.5.21.jar:/home/zippaper/.m2/repository/org/reactivestreams/reactive-streams/1.0.2/reactive-streams-1.0.2.jar:/home/zippaper/.m2/repository/com/typesafe/ssl-config-core_2.11/0.3.7/ssl-config-core_2.11-0.3.7.jar:/home/zippaper/.m2/repository/org/scala-lang/modules/scala-parser-combinators_2.11/1.1.1/scala-parser-combinators_2.11-1.1.1.jar:/home/zippaper/.m2/repository/com/typesafe/akka/akka-protobuf_2.11/2.5.21/akka-protobuf_2.11-2.5.21.jar:/home/zippaper/.m2/repository/com/typesafe/akka/akka-slf4j_2.11/2.5.21/akka-slf4j_2.11-2.5.21.jar:/home/zippaper/.m2/repository/org/clapper/grizzled-slf4j_2.11/1.3.2/grizzled-slf4j_2.11-1.3.2.jar:/home/zippaper/.m2/repository/com/github/scopt/scopt_2.11/3.5.0/scopt_2.11-3.5.0.jar:/home/zippaper/.m2/repository/org/xerial/snappy/snappy-java/1.1.4/snappy-java-1.1.4.jar:/home/zippaper/.m2/repository/com/twitter/chill_2.11/0.7.6/chill_2.11-0.7.6.jar:/home/zippaper/.m2/repository/com/twitter/chill-java/0.7.6/chill-java-0.7.6.jar:/home/zippaper/.m2/repository/org/apache/flink/flink-shaded-guava/18.0-7.0/flink-shaded-guava-18.0-7.0.jar:/home/zippaper/.m2/repository/org/apache/flink/flink-clients_2.11/1.9.3/flink-clients_2.11-1.9.3.jar:/home/zippaper/.m2/repository/org/apache/flink/flink-optimizer_2.11/1.9.3/flink-optimizer_2.11-1.9.3.jar:/home/zippaper/.m2/repository/commons-cli/commons-cli/1.3.1/commons-cli-1.3.1.jar:/home/zippaper/.m2/repository/org/apache/flink/flink-connector-kafka_2.11/1.9.3/flink-connector-kafka_2.11-1.9.3.jar:/home/zippaper/.m2/repository/org/apache/flink/flink-connector-kafka-base_2.11/1.9.3/flink-connector-kafka-base_2.11-1.9.3.jar:/home/zippaper/.m2/repository/org/apache/kafka/kafka-clients/2.2.0/kafka-clients-2.2.0.jar:/home/zippaper/.m2/repository/com/github/luben/zstd-jni/1.3.8-1/zstd-jni-1.3.8-1.jar:/home/zippaper/.m2/repository/org/lz4/lz4-java/1.5.0/lz4-java-1.5.0.jar:/home/zippaper/.m2/repository/org/apache/flink/flink-connector-redis_2.11/1.1.5/flink-connector-redis_2.11-1.1.5.jar:/home/zippaper/.m2/repository/redis/clients/jedis/2.8.0/jedis-2.8.0.jar:/home/zippaper/.m2/repository/org/apache/commons/commons-pool2/2.3/commons-pool2-2.3.jar:"/>
    <property name="java.vm.vendor" value="Ubuntu"/>
    <property name="sun.arch.data.model" value="64"/>
    <property name="java.vendor.url" value="https://ubuntu.com/"/>
    <property name="user.timezone" value=""/>
    <property name="java.vm.specification.version" value="11"/>
    <property name="os.name" value="Linux"/>
    <property name="sun.java.launcher" value="SUN_STANDARD"/>
    <property name="sun.boot.library.path" value="/usr/lib/jvm/java-11-openjdk-amd64/lib"/>
    <property name="sun.java.command" value="/home/zippaper/Kafka/test/java/kafka/target/surefire/surefirebooter18234040369037160087.jar /home/zippaper/Kafka/test/java/kafka/target/surefire 2023-10-13T01-28-57_338-jvmRun1 surefire3823428570984543207tmp surefire_012791407207132141842tmp"/>
    <property name="jdk.debug" value="release"/>
    <property name="surefire.test.class.path" value="/home/zippaper/Kafka/test/java/kafka/target/test-classes:/home/zippaper/Kafka/test/java/kafka/target/classes:/home/zippaper/.m2/repository/junit/junit/4.12/junit-4.12.jar:/home/zippaper/.m2/repository/org/hamcrest/hamcrest-core/1.3/hamcrest-core-1.3.jar:/home/zippaper/.m2/repository/org/slf4j/slf4j-log4j12/1.7.25/slf4j-log4j12-1.7.25.jar:/home/zippaper/.m2/repository/org/slf4j/slf4j-api/1.7.25/slf4j-api-1.7.25.jar:/home/zippaper/.m2/repository/log4j/log4j/1.2.17/log4j-1.2.17.jar:/home/zippaper/.m2/repository/org/apache/flink/flink-java/1.9.3/flink-java-1.9.3.jar:/home/zippaper/.m2/repository/org/apache/flink/flink-core/1.9.3/flink-core-1.9.3.jar:/home/zippaper/.m2/repository/org/apache/flink/flink-annotations/1.9.3/flink-annotations-1.9.3.jar:/home/zippaper/.m2/repository/org/apache/flink/flink-metrics-core/1.9.3/flink-metrics-core-1.9.3.jar:/home/zippaper/.m2/repository/com/esotericsoftware/kryo/kryo/2.24.0/kryo-2.24.0.jar:/home/zippaper/.m2/repository/com/esotericsoftware/minlog/minlog/1.2/minlog-1.2.jar:/home/zippaper/.m2/repository/org/objenesis/objenesis/2.1/objenesis-2.1.jar:/home/zippaper/.m2/repository/commons-collections/commons-collections/3.2.2/commons-collections-3.2.2.jar:/home/zippaper/.m2/repository/org/apache/commons/commons-compress/1.18/commons-compress-1.18.jar:/home/zippaper/.m2/repository/org/apache/flink/flink-shaded-asm-6/6.2.1-7.0/flink-shaded-asm-6-6.2.1-7.0.jar:/home/zippaper/.m2/repository/org/apache/commons/commons-lang3/3.3.2/commons-lang3-3.3.2.jar:/home/zippaper/.m2/repository/org/apache/commons/commons-math3/3.5/commons-math3-3.5.jar:/home/zippaper/.m2/repository/com/google/code/findbugs/jsr305/1.3.9/jsr305-1.3.9.jar:/home/zippaper/.m2/repository/org/apache/flink/force-shading/1.9.3/force-shading-1.9.3.jar:/home/zippaper/.m2/repository/org/apache/flink/flink-streaming-java_2.11/1.9.3/flink-streaming-java_2.11-1.9.3.jar:/home/zippaper/.m2/repository/org/apache/flink/flink-runtime_2.11/1.9.3/flink-runtime_2.11-1.9.3.jar:/home/zippaper/.m2/repository/org/apache/flink/flink-queryable-state-client-java/1.9.3/flink-queryable-state-client-java-1.9.3.jar:/home/zippaper/.m2/repository/org/apache/flink/flink-hadoop-fs/1.9.3/flink-hadoop-fs-1.9.3.jar:/home/zippaper/.m2/repository/commons-io/commons-io/2.4/commons-io-2.4.jar:/home/zippaper/.m2/repository/org/apache/flink/flink-shaded-netty/4.1.32.Final-7.0/flink-shaded-netty-4.1.32.Final-7.0.jar:/home/zippaper/.m2/repository/org/apache/flink/flink-shaded-jackson/2.10.1-9.0/flink-shaded-jackson-2.10.1-9.0.jar:/home/zippaper/.m2/repository/org/javassist/javassist/3.19.0-GA/javassist-3.19.0-GA.jar:/home/zippaper/.m2/repository/org/scala-lang/scala-library/2.11.12/scala-library-2.11.12.jar:/home/zippaper/.m2/repository/com/typesafe/akka/akka-actor_2.11/2.5.21/akka-actor_2.11-2.5.21.jar:/home/zippaper/.m2/repository/com/typesafe/config/1.3.3/config-1.3.3.jar:/home/zippaper/.m2/repository/org/scala-lang/modules/scala-java8-compat_2.11/0.7.0/scala-java8-compat_2.11-0.7.0.jar:/home/zippaper/.m2/repository/com/typesafe/akka/akka-stream_2.11/2.5.21/akka-stream_2.11-2.5.21.jar:/home/zippaper/.m2/repository/org/reactivestreams/reactive-streams/1.0.2/reactive-streams-1.0.2.jar:/home/zippaper/.m2/repository/com/typesafe/ssl-config-core_2.11/0.3.7/ssl-config-core_2.11-0.3.7.jar:/home/zippaper/.m2/repository/org/scala-lang/modules/scala-parser-combinators_2.11/1.1.1/scala-parser-combinators_2.11-1.1.1.jar:/home/zippaper/.m2/repository/com/typesafe/akka/akka-protobuf_2.11/2.5.21/akka-protobuf_2.11-2.5.21.jar:/home/zippaper/.m2/repository/com/typesafe/akka/akka-slf4j_2.11/2.5.21/akka-slf4j_2.11-2.5.21.jar:/home/zippaper/.m2/repository/org/clapper/grizzled-slf4j_2.11/1.3.2/grizzled-slf4j_2.11-1.3.2.jar:/home/zippaper/.m2/repository/com/github/scopt/scopt_2.11/3.5.0/scopt_2.11-3.5.0.jar:/home/zippaper/.m2/repository/org/xerial/snappy/snappy-java/1.1.4/snappy-java-1.1.4.jar:/home/zippaper/.m2/repository/com/twitter/chill_2.11/0.7.6/chill_2.11-0.7.6.jar:/home/zippaper/.m2/repository/com/twitter/chill-java/0.7.6/chill-java-0.7.6.jar:/home/zippaper/.m2/repository/org/apache/flink/flink-shaded-guava/18.0-7.0/flink-shaded-guava-18.0-7.0.jar:/home/zippaper/.m2/repository/org/apache/flink/flink-clients_2.11/1.9.3/flink-clients_2.11-1.9.3.jar:/home/zippaper/.m2/repository/org/apache/flink/flink-optimizer_2.11/1.9.3/flink-optimizer_2.11-1.9.3.jar:/home/zippaper/.m2/repository/commons-cli/commons-cli/1.3.1/commons-cli-1.3.1.jar:/home/zippaper/.m2/repository/org/apache/flink/flink-connector-kafka_2.11/1.9.3/flink-connector-kafka_2.11-1.9.3.jar:/home/zippaper/.m2/repository/org/apache/flink/flink-connector-kafka-base_2.11/1.9.3/flink-connector-kafka-base_2.11-1.9.3.jar:/home/zippaper/.m2/repository/org/apache/kafka/kafka-clients/2.2.0/kafka-clients-2.2.0.jar:/home/zippaper/.m2/repository/com/github/luben/zstd-jni/1.3.8-1/zstd-jni-1.3.8-1.jar:/home/zippaper/.m2/repository/org/lz4/lz4-java/1.5.0/lz4-java-1.5.0.jar:/home/zippaper/.m2/repository/org/apache/flink/flink-connector-redis_2.11/1.1.5/flink-connector-redis_2.11-1.1.5.jar:/home/zippaper/.m2/repository/redis/clients/jedis/2.8.0/jedis-2.8.0.jar:/home/zippaper/.m2/repository/org/apache/commons/commons-pool2/2.3/commons-pool2-2.3.jar:"/>
    <property name="sun.cpu.endian" value="little"/>
    <property name="user.home" value="/home/zippaper"/>
    <property name="user.language" value="en"/>
    <property name="java.specification.vendor" value="Oracle Corporation"/>
    <property name="java.version.date" value="2023-08-24"/>
    <property name="java.home" value="/usr/lib/jvm/java-11-openjdk-amd64"/>
    <property name="file.separator" value="/"/>
    <property name="basedir" value="/home/zippaper/Kafka/test/java/kafka"/>
    <property name="java.vm.compressedOopsMode" value="32-bit"/>
    <property name="line.separator" value="&#10;"/>
    <property name="java.specification.name" value="Java Platform API Specification"/>
    <property name="java.vm.specification.vendor" value="Oracle Corporation"/>
    <property name="java.awt.graphicsenv" value="sun.awt.X11GraphicsEnvironment"/>
    <property name="surefire.real.class.path" value="/home/zippaper/Kafka/test/java/kafka/target/surefire/surefirebooter18234040369037160087.jar"/>
    <property name="sun.management.compiler" value="HotSpot 64-Bit Tiered Compilers"/>
    <property name="java.runtime.version" value="11.0.20.1+1-post-Ubuntu-0ubuntu122.04"/>
    <property name="user.name" value="zippaper"/>
    <property name="path.separator" value=":"/>
    <property name="os.version" value="6.2.0-1016-gcp"/>
    <property name="java.runtime.name" value="OpenJDK Runtime Environment"/>
    <property name="file.encoding" value="UTF-8"/>
    <property name="java.vm.name" value="OpenJDK 64-Bit Server VM"/>
    <property name="localRepository" value="/home/zippaper/.m2/repository"/>
    <property name="java.vendor.url.bug" value="https://bugs.launchpad.net/ubuntu/+source/openjdk-lts"/>
    <property name="java.io.tmpdir" value="/tmp"/>
    <property name="java.version" value="11.0.20.1"/>
    <property name="user.dir" value="/home/zippaper/Kafka/test/java/kafka"/>
    <property name="os.arch" value="amd64"/>
    <property name="java.vm.specification.name" value="Java Virtual Machine Specification"/>
    <property name="java.awt.printerjob" value="sun.print.PSPrinterJob"/>
    <property name="sun.os.patch.level" value="unknown"/>
    <property name="java.library.path" value="/usr/java/packages/lib:/usr/lib/x86_64-linux-gnu/jni:/lib/x86_64-linux-gnu:/usr/lib/x86_64-linux-gnu:/usr/lib/jni:/lib:/usr/lib"/>
    <property name="java.vm.info" value="mixed mode, sharing"/>
    <property name="java.vendor" value="Ubuntu"/>
    <property name="java.vm.version" value="11.0.20.1+1-post-Ubuntu-0ubuntu122.04"/>
    <property name="java.specification.maintenance.version" value="2"/>
    <property name="sun.io.unicode.encoding" value="UnicodeLittle"/>
    <property name="java.class.version" value="55.0"/>
  </properties>
  <testcase name="shouldAnswerWithTrue" classname="com.example.AppTest" time="0.002"/>
</testsuite>